{"target": -0.170171564739597, "params": {"max_iter": 441.6349531205837, "tolerance": 0.025926231827891333, "truncation": 5.946962300908382}, "datetime": {"datetime": "2022-08-31 10:29:06", "elapsed": 0.0, "delta": 0.0}}
{"target": -0.356767751821686, "params": {"max_iter": 440.9691686920941, "tolerance": 0.42036780208748903, "truncation": 3.9730133890348673}, "datetime": {"datetime": "2022-08-31 10:29:06", "elapsed": 0.127097, "delta": 0.127097}}
{"target": -0.28766678454224, "params": {"max_iter": 635.5890987161433, "tolerance": 0.2709656068374654, "truncation": 5.660594406512207}, "datetime": {"datetime": "2022-08-31 10:29:06", "elapsed": 0.30295, "delta": 0.175853}}
{"target": -0.279572271417512, "params": {"max_iter": 426.4037299739112, "tolerance": 0.45458321525090895, "truncation": 6.194172269063072}, "datetime": {"datetime": "2022-08-31 10:29:06", "elapsed": 0.464506, "delta": 0.161556}}
{"target": -0.28766678454224, "params": {"max_iter": 203.39174042966792, "tolerance": 0.6227144703845903, "truncation": 5.233299539757578}, "datetime": {"datetime": "2022-08-31 10:29:06", "elapsed": 0.651839, "delta": 0.187333}}
{"target": -0.503380705334616, "params": {"max_iter": 819.2000701544703, "tolerance": 0.0550446556873585, "truncation": 8.849597494774851}, "datetime": {"datetime": "2022-08-31 10:29:06", "elapsed": 0.85533, "delta": 0.203491}}
{"target": -0.28766678454224, "params": {"max_iter": 399.50150813026283, "tolerance": 0.8262022581680393, "truncation": 5.810144822553337}, "datetime": {"datetime": "2022-08-31 10:29:07", "elapsed": 1.054889, "delta": 0.199559}}
